0 info it worked if it ends with ok
1 verbose cli [ 'node', '/usr/local/bin/npm', 'publish' ]
2 info using npm@1.4.14
3 info using node@v0.10.28
4 verbose node symlink /usr/local/bin/node
5 verbose publish [ '.' ]
6 verbose cache add [ '.', null ]
7 verbose cache add name=undefined spec="." args=[".",null]
8 verbose parsed url { protocol: null,
8 verbose parsed url   slashes: null,
8 verbose parsed url   auth: null,
8 verbose parsed url   host: null,
8 verbose parsed url   port: null,
8 verbose parsed url   hostname: null,
8 verbose parsed url   hash: null,
8 verbose parsed url   search: null,
8 verbose parsed url   query: null,
8 verbose parsed url   pathname: '.',
8 verbose parsed url   path: '.',
8 verbose parsed url   href: '.' }
9 silly lockFile 3a52ce78- .
10 verbose lock . /Users/mike/.npm/3a52ce78-.lock
11 verbose tar pack [ '/Users/mike/.npm/docx-toc/0.0.2/package.tgz', '.' ]
12 verbose tarball /Users/mike/.npm/docx-toc/0.0.2/package.tgz
13 verbose folder .
14 info prepublish docx-toc@0.0.2
15 silly lockFile 1f1177db-tar tar://.
16 verbose lock tar://. /Users/mike/.npm/1f1177db-tar.lock
17 silly lockFile 84f85849-e-npm-docx-toc-0-0-2-package-tgz tar:///Users/mike/.npm/docx-toc/0.0.2/package.tgz
18 verbose lock tar:///Users/mike/.npm/docx-toc/0.0.2/package.tgz /Users/mike/.npm/84f85849-e-npm-docx-toc-0-0-2-package-tgz.lock
19 silly lockFile 1f1177db-tar tar://.
20 silly lockFile 1f1177db-tar tar://.
21 silly lockFile 84f85849-e-npm-docx-toc-0-0-2-package-tgz tar:///Users/mike/.npm/docx-toc/0.0.2/package.tgz
22 silly lockFile 84f85849-e-npm-docx-toc-0-0-2-package-tgz tar:///Users/mike/.npm/docx-toc/0.0.2/package.tgz
23 silly lockFile ae8f2d48--mike-npm-docx-toc-0-0-2-package /Users/mike/.npm/docx-toc/0.0.2/package
24 verbose lock /Users/mike/.npm/docx-toc/0.0.2/package /Users/mike/.npm/ae8f2d48--mike-npm-docx-toc-0-0-2-package.lock
25 silly lockFile ae8f2d48--mike-npm-docx-toc-0-0-2-package /Users/mike/.npm/docx-toc/0.0.2/package
26 silly lockFile ae8f2d48--mike-npm-docx-toc-0-0-2-package /Users/mike/.npm/docx-toc/0.0.2/package
27 silly lockFile 3a52ce78- .
28 silly lockFile 3a52ce78- .
29 silly publish { name: 'docx-toc',
29 silly publish   version: '0.0.2',
29 silly publish   description: 'Adds toc page to docx',
29 silly publish   scripts: { test: 'sh ./test/test.sh' },
29 silly publish   bin: { 'docx-toc': 'bin/docx-toc.js' },
29 silly publish   main: 'index.js',
29 silly publish   repository:
29 silly publish    { type: 'git',
29 silly publish      url: 'git://github.com/mvhenderson/pandoc-docx-toc.git' },
29 silly publish   keywords: [ 'pandoc', 'pandocfilter', 'docx' ],
29 silly publish   engines: { node: '>=0.8.0' },
29 silly publish   author: { name: 'Mike Henderson' },
29 silly publish   license: 'MIT',
29 silly publish   bugs: { url: 'https://github.com/mvhenderson/pandoc-docx-toc/issues' },
29 silly publish   homepage: 'https://github.com/mvhenderson/pandoc-docx-toc',
29 silly publish   dependencies: {},
29 silly publish   readme: 'pandoc-docx-toc\n===============\n\nAdds empty table of contents to pandoc generated docx\n',
29 silly publish   readmeFilename: 'README.md',
29 silly publish   gitHead: 'ed90a6f4624283a5d8ff17fb47d4e703b88644a0',
29 silly publish   _id: 'docx-toc@0.0.2',
29 silly publish   _shasum: '690918362b7bc1803354ad806b159b420deec021',
29 silly publish   _from: '.' }
30 verbose url raw docx-toc
31 verbose url resolving [ 'https://registry.npmjs.org/', './docx-toc' ]
32 verbose url resolved https://registry.npmjs.org/docx-toc
33 info trying registry request attempt 1 at 17:30:58
34 http PUT https://registry.npmjs.org/docx-toc
35 http 403 https://registry.npmjs.org/docx-toc
36 verbose headers { date: 'Sat, 07 Jun 2014 22:30:58 GMT',
36 verbose headers   server: 'CouchDB/1.5.0 (Erlang OTP/R14B04)',
36 verbose headers   'content-type': 'application/json',
36 verbose headers   'cache-control': 'max-age=1',
36 verbose headers   'content-length': '2401',
36 verbose headers   'accept-ranges': 'bytes',
36 verbose headers   via: '1.1 varnish',
36 verbose headers   'x-served-by': 'cache-c32-CHI',
36 verbose headers   'x-cache': 'MISS',
36 verbose headers   'x-cache-hits': '0',
36 verbose headers   'x-timer': 'S1402180258.677017,VS0,VE239',
36 verbose headers   'keep-alive': 'timeout=10, max=50',
36 verbose headers   connection: 'Keep-Alive' }
37 error publish Failed PUT 403
38 error Error: forbidden cannot modify pre-existing version: 0.0.2
38 error old={"name":"docx-toc","version":"0.0.2","description":"Adds toc page to docx","scripts":{"test":"sh ./test/test.sh"},"bin":{"docx-toc":"bin/docx-toc.js"},"main":"index.js","repository":{"type":"git","url":"git://github.com/mvhenderson/pandoc-docx-toc.git"},"keywords":["pandoc","pandocfilter","docx"],"engines":{"node":">=0.8.0"},"author":{"name":"Mike Henderson"},"license":"MIT","bugs":{"url":"https://github.com/mvhenderson/pandoc-docx-toc/issues"},"homepage":"https://github.com/mvhenderson/pandoc-docx-toc","dependencies":{},"gitHead":"205324b8bd4f378d29a9289444fcf5bb60e86b8a","_id":"docx-toc@0.0.2","_shasum":"bacddfaaccbf34d22c3f58422584613cc5afdd3a","_from":".","_npmVersion":"1.4.14","_npmUser":{"name":"mvhenderson","email":"mvhenderson@tds.net"},"maintainers":[{"name":"mvhenderson","email":"mvhenderson@tds.net"}],"dist":{"shasum":"bacddfaaccbf34d22c3f58422584613cc5afdd3a","tarball":"http://registry.npmjs.org/docx-toc/-/docx-toc-0.0.2.tgz"}}
38 error new={"name":"docx-toc","version":"0.0.2","description":"Adds toc page to docx","scripts":{"test":"sh ./test/test.sh"},"bin":{"docx-toc":"bin/docx-toc.js"},"main":"index.js","repository":{"type":"git","url":"git://github.com/mvhenderson/pandoc-docx-toc.git"},"keywords":["pandoc","pandocfilter","docx"],"engines":{"node":">=0.8.0"},"author":{"name":"Mike Henderson"},"license":"MIT","bugs":{"url":"https://github.com/mvhenderson/pandoc-docx-toc/issues"},"homepage":"https://github.com/mvhenderson/pandoc-docx-toc","dependencies":{},"readme":"pandoc-docx-toc\u000a===============\u000a\u000aAdds empty table of contents to pandoc generated docx\u000a","readmeFilename":"README.md","gitHead":"ed90a6f4624283a5d8ff17fb47d4e703b88644a0","_id":"docx-toc@0.0.2","_shasum":"690918362b7bc1803354ad806b159b420deec021","_from":".","_npmVersion":"1.4.14","_npmUser":{"name":"mvhenderson","email":"mvhenderson@tds.net"},"maintainers":[{"name":"mvhenderson","email":"mvhenderson@tds.net"}],"dist":{"shasum":"690918362b7bc1803354ad806b159b420deec021","tarball":"http://registry.npmjs.org/docx-toc/-/docx-toc-0.0.2.tgz"}}: docx-toc
38 error     at RegClient.<anonymous> (/usr/local/lib/node_modules/npm/node_modules/npm-registry-client/lib/request.js:274:14)
38 error     at Request._callback (/usr/local/lib/node_modules/npm/node_modules/npm-registry-client/lib/request.js:212:65)
38 error     at Request.self.callback (/usr/local/lib/node_modules/npm/node_modules/request/request.js:123:22)
38 error     at Request.EventEmitter.emit (events.js:98:17)
38 error     at Request.<anonymous> (/usr/local/lib/node_modules/npm/node_modules/request/request.js:893:14)
38 error     at Request.EventEmitter.emit (events.js:117:20)
38 error     at IncomingMessage.<anonymous> (/usr/local/lib/node_modules/npm/node_modules/request/request.js:844:12)
38 error     at IncomingMessage.EventEmitter.emit (events.js:117:20)
38 error     at _stream_readable.js:919:16
38 error     at process._tickCallback (node.js:419:13)
39 error If you need help, you may report this *entire* log,
39 error including the npm and node versions, at:
39 error     <http://github.com/npm/npm/issues>
40 error System Darwin 13.2.0
41 error command "node" "/usr/local/bin/npm" "publish"
42 error cwd /Users/mike/Source/pandoc/docx-toc
43 error node -v v0.10.28
44 error npm -v 1.4.14
45 verbose exit [ 1, true ]
